n = 100
CFL = 0.100000
Vec Object: 10 MPI processes
  type: mpi
Process [0]
0.
0.00315069
0.00629823
0.0094395
0.0125714
0.0156907
0.0187944
0.0218793
0.0249424
0.0279807
Process [1]
0.030991
0.0339705
0.0369161
0.0398249
0.0426939
0.0455204
0.0483015
0.0510344
0.0537164
0.0563448
Process [2]
0.058917
0.0614304
0.0638826
0.066271
0.0685932
0.070847
0.0730301
0.0751403
0.0771755
0.0791337
Process [3]
0.0810128
0.082811
0.0845265
0.0861576
0.0877026
0.08916
0.0905283
0.0918061
0.0929921
0.0940852
Process [4]
0.0950841
0.095988
0.0967958
0.0975067
0.0981201
0.0986352
0.0990516
0.0993688
0.0995864
0.0997042
Process [5]
0.099722
0.0996399
0.0994578
0.0991759
0.0987944
0.0983137
0.0977343
0.0970566
0.0962814
0.0954093
Process [6]
0.0944411
0.0933779
0.0922205
0.0909702
0.0896281
0.0881955
0.0866738
0.0850645
0.0833692
0.0815893
Process [7]
0.0797268
0.0777834
0.0757609
0.0736615
0.071487
0.0692396
0.0669214
0.0645349
0.0620822
0.0595657
Process [8]
0.056988
0.0543515
0.0516588
0.0489125
0.0461153
0.0432699
0.0403791
0.0374458
0.0344727
0.0314628
Process [9]
0.0284191
0.0253444
0.0222418
0.0191144
0.0159652
0.0127972
0.00961357
0.00641741
0.00321185
0.
